2023-05-19 11:45:37,169 Scaricato PIAO_Delibera.pdf
2023-05-19 11:45:37,406 Scaricato PIAO_allegato.pdf
2023-05-19 11:45:37,823 Scaricato PIAO_aggiornamento.pdf
2023-05-19 11:45:38,061 Scaricato PIAO_aggiornato.pdf
2023-05-19 11:45:38,531 Scaricato DUP_Roveredo_in_Piano_2019-2021.pdf
2023-05-19 11:45:38,706 Scaricato Nuovo_Regolamento_di_Contabilita.pdf
2023-05-19 11:45:39,101 Scaricato delibera_accesso_agli_atti.pdf
2023-05-19 11:45:39,298 Scaricato gc_113_AmmTr.pdf
2023-05-19 11:51:12,487 Scaricato PIAO_Delibera.pdf in pdf_files/Approvazione
2023-05-19 11:51:12,745 Scaricato PIAO_allegato.pdf in pdf_files/Approvazione
2023-05-19 11:51:13,149 Scaricato PIAO_aggiornamento.pdf in pdf_files/Prima modifica
2023-05-19 11:51:13,383 Scaricato PIAO_aggiornato.pdf in pdf_files/Prima modifica
2023-05-19 11:51:13,854 Scaricato DUP_Roveredo_in_Piano_2019-2021.pdf in pdf_files/Documento Unico di Programmazione D.U.P. - Aggiornamento dati pubblicati del 26.06.2019
2023-05-19 11:51:14,023 Scaricato Nuovo_Regolamento_di_Contabilita.pdf in pdf_files/Regolamento di Contabilità - aggiornamento pubblicazione del 26.06.2019
2023-05-19 11:51:14,410 Scaricato delibera_accesso_agli_atti.pdf in pdf_files/REGOLAMENTO DELL'ACCESSO CIVICO E DELL'ACCESSO AGLI ATTI
2023-05-19 11:51:14,605 Scaricato gc_113_AmmTr.pdf in pdf_files/Nomina Funzionario Anti ritardo
2023-05-19 11:56:24,647 Scaricato PIAO_Delibera.pdf in pdf_files/Approvazione
2023-05-19 11:56:24,878 Scaricato PIAO_allegato.pdf in pdf_files/Approvazione
2023-05-19 11:56:25,294 Scaricato PIAO_aggiornamento.pdf in pdf_files/Prima modifica
2023-05-19 11:56:25,536 Scaricato PIAO_aggiornato.pdf in pdf_files/Prima modifica
2023-05-19 11:56:26,013 Scaricato DUP_Roveredo_in_Piano_2019-2021.pdf in pdf_files/Documento Unico di Programmazione D.U.P. - Aggiornamento dati pubblicati del 26.06.2019
2023-05-19 11:56:26,190 Scaricato Nuovo_Regolamento_di_Contabilita.pdf in pdf_files/Regolamento di Contabilità - aggiornamento pubblicazione del 26.06.2019
2023-05-19 11:56:26,574 Scaricato delibera_accesso_agli_atti.pdf in pdf_files/REGOLAMENTO DELL'ACCESSO CIVICO E DELL'ACCESSO AGLI ATTI
2023-05-19 11:56:26,761 Scaricato gc_113_AmmTr.pdf in pdf_files/Nomina Funzionario Anti ritardo
2023-05-19 12:03:41,275 Scaricato PIAO_Delibera.pdf in pdf_files/Approvazione
2023-05-19 12:03:41,505 Scaricato PIAO_allegato.pdf in pdf_files/Approvazione
2023-05-19 12:03:41,916 Scaricato PIAO_aggiornamento.pdf in pdf_files/Prima modifica
2023-05-19 12:03:42,153 Scaricato PIAO_aggiornato.pdf in pdf_files/Prima modifica
2023-05-19 12:03:42,621 Scaricato DUP_Roveredo_in_Piano_2019-2021.pdf in pdf_files/Documento Unico di Programmazione D.U.P. - Aggiornamento dati pubblicati del 26.06.2019
2023-05-19 12:03:42,796 Scaricato Nuovo_Regolamento_di_Contabilita.pdf in pdf_files/Regolamento di Contabilità - aggiornamento pubblicazione del 26.06.2019
2023-05-19 12:03:43,204 Scaricato delibera_accesso_agli_atti.pdf in pdf_files/REGOLAMENTO DELL'ACCESSO CIVICO E DELL'ACCESSO AGLI ATTI
2023-05-19 12:03:43,579 Scaricato gc_113_AmmTr.pdf in pdf_files/Nomina Funzionario Anti ritardo
2023-05-19 12:12:25,961 Scaricato PIAO_Delibera.pdf in pdf_files/Approvazione
2023-05-19 12:12:27,197 Scaricato PIAO_allegato.pdf in pdf_files/Approvazione
2023-05-19 12:12:28,602 Scaricato PIAO_aggiornamento.pdf in pdf_files/Prima modifica
2023-05-19 12:12:29,840 Scaricato PIAO_aggiornato.pdf in pdf_files/Prima modifica
2023-05-19 12:12:31,300 Scaricato DUP_Roveredo_in_Piano_2019-2021.pdf in pdf_files/Documento Unico di Programmazione D.U.P. - Aggiornamento dati pubblicati del 26.06.2019
2023-05-19 12:12:32,471 Scaricato Nuovo_Regolamento_di_Contabilita.pdf in pdf_files/Regolamento di Contabilità - aggiornamento pubblicazione del 26.06.2019
2023-05-19 12:12:33,853 Scaricato delibera_accesso_agli_atti.pdf in pdf_files/REGOLAMENTO DELL'ACCESSO CIVICO E DELL'ACCESSO AGLI ATTI
2023-05-19 12:12:35,041 Scaricato gc_113_AmmTr.pdf in pdf_files/Nomina Funzionario Anti ritardo
2023-05-19 12:23:29,404 Scaricato PIAO_Delibera.pdf in pdf_files/Approvazione
2023-05-19 12:23:30,804 Scaricato PIAO_allegato.pdf in pdf_files/Approvazione
2023-05-19 12:23:32,208 Scaricato PIAO_aggiornamento.pdf in pdf_files/Prima modifica
2023-05-19 12:23:33,441 Scaricato PIAO_aggiornato.pdf in pdf_files/Prima modifica
2023-05-19 12:23:34,909 Scaricato DUP_Roveredo_in_Piano_2019-2021.pdf in pdf_files/Documento Unico di Programmazione D.U.P. - Aggiornamento dati pubblicati del 26.06.2019
2023-05-19 12:23:36,081 Scaricato Nuovo_Regolamento_di_Contabilita.pdf in pdf_files/Regolamento di Contabilità - aggiornamento pubblicazione del 26.06.2019
2023-05-19 12:23:37,471 Scaricato delibera_accesso_agli_atti.pdf in pdf_files/REGOLAMENTO DELL'ACCESSO CIVICO E DELL'ACCESSO AGLI ATTI
2023-05-19 12:23:38,660 Scaricato gc_113_AmmTr.pdf in pdf_files/Nomina Funzionario Anti ritardo
2023-05-19 12:27:40,426 Scaricato PIAO_Delibera.pdf in pdf_files/Approvazione
2023-05-19 12:27:41,665 Scaricato PIAO_allegato.pdf in pdf_files/Approvazione
2023-05-19 12:27:43,070 Scaricato PIAO_aggiornamento.pdf in pdf_files/Prima modifica
2023-05-19 12:27:44,310 Scaricato PIAO_aggiornato.pdf in pdf_files/Prima modifica
2023-05-19 12:27:45,773 Scaricato DUP_Roveredo_in_Piano_2019-2021.pdf in pdf_files/Documento Unico di Programmazione D.U.P. - Aggiornamento dati pubblicati del 26.06.2019
2023-05-19 12:27:46,947 Scaricato Nuovo_Regolamento_di_Contabilita.pdf in pdf_files/Regolamento di Contabilità - aggiornamento pubblicazione del 26.06.2019
2023-05-19 12:27:48,331 Scaricato delibera_accesso_agli_atti.pdf in pdf_files/REGOLAMENTO DELL'ACCESSO CIVICO E DELL'ACCESSO AGLI ATTI
2023-05-19 12:27:49,510 Scaricato gc_113_AmmTr.pdf in pdf_files/Nomina Funzionario Anti ritardo
2023-05-19 12:36:30,841 Scaricato PIAO_Delibera.pdf in pdf_files/Approvazione
2023-05-19 12:36:32,077 Scaricato PIAO_allegato.pdf in pdf_files/Approvazione
2023-05-19 12:36:33,486 Scaricato PIAO_aggiornamento.pdf in pdf_files/Prima modifica
2023-05-19 12:36:34,719 Scaricato PIAO_aggiornato.pdf in pdf_files/Prima modifica
2023-05-19 12:36:36,187 Scaricato DUP_Roveredo_in_Piano_2019-2021.pdf in pdf_files/Documento Unico di Programmazione D.U.P. - Aggiornamento dati pubblicati del 26.06.2019
2023-05-19 12:36:37,358 Scaricato Nuovo_Regolamento_di_Contabilita.pdf in pdf_files/Regolamento di Contabilità - aggiornamento pubblicazione del 26.06.2019
2023-05-19 12:36:38,746 Scaricato delibera_accesso_agli_atti.pdf in pdf_files/REGOLAMENTO DELL'ACCESSO CIVICO E DELL'ACCESSO AGLI ATTI
2023-05-19 12:36:39,931 Scaricato gc_113_AmmTr.pdf in pdf_files/Nomina Funzionario Anti ritardo
2023-05-19 12:37:47,590 Scaricato index.aspx in pdf_files/Atti generali
2023-05-19 12:37:49,018 Scaricato PIAO_Delibera.pdf in pdf_files/Approvazione
2023-05-19 12:37:50,259 Scaricato PIAO_allegato.pdf in pdf_files/Approvazione
2023-05-19 12:37:51,665 Scaricato PIAO_aggiornamento.pdf in pdf_files/Prima modifica
2023-05-19 12:37:52,896 Scaricato PIAO_aggiornato.pdf in pdf_files/Prima modifica
2023-05-19 12:37:54,368 Scaricato DUP_Roveredo_in_Piano_2019-2021.pdf in pdf_files/Documento Unico di Programmazione D.U.P. - Aggiornamento dati pubblicati del 26.06.2019
2023-05-19 12:37:55,545 Scaricato Nuovo_Regolamento_di_Contabilita.pdf in pdf_files/Regolamento di Contabilità - aggiornamento pubblicazione del 26.06.2019
2023-05-19 12:37:56,933 Scaricato delibera_accesso_agli_atti.pdf in pdf_files/REGOLAMENTO DELL'ACCESSO CIVICO E DELL'ACCESSO AGLI ATTI
2023-05-19 12:37:58,128 Scaricato gc_113_AmmTr.pdf in pdf_files/Nomina Funzionario Anti ritardo
2023-05-19 12:37:59,489 Scaricato e7.pdf in pdf_files/Codice disciplinare dei dipendenti non dirigenti - Art. 13 e segg. CCRL 26/11/2004
2023-05-19 12:40:31,129 Scaricato PIAO_Delibera.pdf in pdf_files/Approvazione
2023-05-19 12:40:32,361 Scaricato PIAO_allegato.pdf in pdf_files/Approvazione
2023-05-19 12:40:33,767 Scaricato PIAO_aggiornamento.pdf in pdf_files/Prima modifica
2023-05-19 12:40:35,007 Scaricato PIAO_aggiornato.pdf in pdf_files/Prima modifica
2023-05-19 12:40:36,471 Scaricato DUP_Roveredo_in_Piano_2019-2021.pdf in pdf_files/Documento Unico di Programmazione D.U.P. - Aggiornamento dati pubblicati del 26.06.2019
2023-05-19 12:40:37,646 Scaricato Nuovo_Regolamento_di_Contabilita.pdf in pdf_files/Regolamento di Contabilità - aggiornamento pubblicazione del 26.06.2019
2023-05-19 12:40:39,032 Scaricato delibera_accesso_agli_atti.pdf in pdf_files/REGOLAMENTO DELL'ACCESSO CIVICO E DELL'ACCESSO AGLI ATTI
2023-05-19 12:40:40,225 Scaricato gc_113_AmmTr.pdf in pdf_files/Nomina Funzionario Anti ritardo
2023-05-19 12:40:41,597 Scaricato e7.pdf in pdf_files/Codice disciplinare dei dipendenti non dirigenti - Art. 13 e segg. CCRL 26/11/2004
2023-05-19 12:47:29,104 Scaricato PIAO_Delibera.pdf in pdf_files/Approvazione
2023-05-19 12:47:30,351 Scaricato PIAO_allegato.pdf in pdf_files/Approvazione
2023-05-19 12:47:31,769 Scaricato PIAO_aggiornamento.pdf in pdf_files/Prima modifica
2023-05-19 12:47:33,002 Scaricato PIAO_aggiornato.pdf in pdf_files/Prima modifica
2023-05-19 12:47:34,465 Scaricato DUP_Roveredo_in_Piano_2019-2021.pdf in pdf_files/Documento Unico di Programmazione D.U.P. - Aggiornamento dati pubblicati del 26.06.2019
2023-05-19 12:47:35,637 Scaricato Nuovo_Regolamento_di_Contabilita.pdf in pdf_files/Regolamento di Contabilità - aggiornamento pubblicazione del 26.06.2019
2023-05-19 12:47:37,019 Scaricato delibera_accesso_agli_atti.pdf in pdf_files/REGOLAMENTO DELL'ACCESSO CIVICO E DELL'ACCESSO AGLI ATTI
2023-05-19 12:47:38,204 Scaricato gc_113_AmmTr.pdf in pdf_files/Nomina Funzionario Anti ritardo
2023-05-19 12:47:39,405 Scaricato CODICE_DI_COMPORTAMENTO_DEI_DIPENDENTI.pdf in pdf_files/Codice di comportamento Roveredo in Piano - febbraio 2014
2023-05-19 12:47:40,598 Scaricato gc_17_Codice_Comportamento.pdf in pdf_files/Codice di comportamento Roveredo in Piano - febbraio 2014
2023-05-19 12:47:41,934 Scaricato e7.pdf in pdf_files/Codice disciplinare dei dipendenti non dirigenti - Art. 13 e segg. CCRL 26/11/2004
2023-05-19 12:47:43,204 Scaricato Atto_di_gestione_dal_01-02-2015__defin_.pdf in pdf_files/Disciplina degli istituti che regolano presenze/assenze e orario di lavoro del personale dipendente
2023-05-19 12:47:44,435 Scaricato Moduli_aggiornati_al_25-09-15.pdf in pdf_files/Disciplina degli istituti che regolano presenze/assenze e orario di lavoro del personale dipendente
2023-05-19 12:53:39,495 Scaricato PIAO_Delibera.pdf in pdf_files/Approvazione
2023-05-19 12:53:40,723 Scaricato PIAO_allegato.pdf in pdf_files/Approvazione
2023-05-19 12:53:42,132 Scaricato PIAO_aggiornamento.pdf in pdf_files/Prima modifica
2023-05-19 12:53:43,368 Scaricato PIAO_aggiornato.pdf in pdf_files/Prima modifica
2023-05-19 12:53:44,829 Scaricato DUP_Roveredo_in_Piano_2019-2021.pdf in pdf_files/Documento Unico di Programmazione D.U.P. - Aggiornamento dati pubblicati del 26.06.2019
2023-05-19 12:53:46,000 Scaricato Nuovo_Regolamento_di_Contabilita.pdf in pdf_files/Regolamento di Contabilità - aggiornamento pubblicazione del 26.06.2019
2023-05-19 12:53:47,382 Scaricato delibera_accesso_agli_atti.pdf in pdf_files/REGOLAMENTO DELL'ACCESSO CIVICO E DELL'ACCESSO AGLI ATTI
2023-05-19 12:53:48,569 Scaricato gc_113_AmmTr.pdf in pdf_files/Nomina Funzionario Anti ritardo
2023-05-19 12:53:49,771 Scaricato CODICE_DI_COMPORTAMENTO_DEI_DIPENDENTI.pdf in pdf_files/Codice di comportamento Roveredo in Piano - febbraio 2014
2023-05-19 12:53:50,967 Scaricato gc_17_Codice_Comportamento.pdf in pdf_files/Codice di comportamento Roveredo in Piano - febbraio 2014
2023-05-19 12:53:52,293 Scaricato e7.pdf in pdf_files
2023-05-19 12:53:53,556 Scaricato Atto_di_gestione_dal_01-02-2015__defin_.pdf in pdf_files
2023-05-19 12:53:54,786 Scaricato Moduli_aggiornati_al_25-09-15.pdf in pdf_files
2023-05-19 12:55:37,276 Scaricato PIAO_Delibera.pdf in pdf_files/Approvazione
2023-05-19 12:55:38,518 Scaricato PIAO_allegato.pdf in pdf_files/Approvazione
2023-05-19 12:55:39,927 Scaricato PIAO_aggiornamento.pdf in pdf_files/Prima modifica
2023-05-19 12:55:41,164 Scaricato PIAO_aggiornato.pdf in pdf_files/Prima modifica
2023-05-19 12:55:42,634 Scaricato DUP_Roveredo_in_Piano_2019-2021.pdf in pdf_files/Documento Unico di Programmazione D.U.P. - Aggiornamento dati pubblicati del 26.06.2019
2023-05-19 12:55:43,804 Scaricato Nuovo_Regolamento_di_Contabilita.pdf in pdf_files/Regolamento di Contabilità - aggiornamento pubblicazione del 26.06.2019
2023-05-19 12:55:45,190 Scaricato delibera_accesso_agli_atti.pdf in pdf_files/REGOLAMENTO DELL'ACCESSO CIVICO E DELL'ACCESSO AGLI ATTI
2023-05-19 12:55:46,379 Scaricato gc_113_AmmTr.pdf in pdf_files/Nomina Funzionario Anti ritardo
2023-05-19 12:55:47,573 Scaricato CODICE_DI_COMPORTAMENTO_DEI_DIPENDENTI.pdf in pdf_files/Codice di comportamento Roveredo in Piano - febbraio 2014
2023-05-19 12:55:48,754 Scaricato gc_17_Codice_Comportamento.pdf in pdf_files/Codice di comportamento Roveredo in Piano - febbraio 2014
2023-05-19 12:55:50,109 Scaricato e7.pdf in pdf_files
2023-05-19 12:55:51,364 Scaricato Atto_di_gestione_dal_01-02-2015__defin_.pdf in pdf_files
2023-05-19 12:55:52,585 Scaricato Moduli_aggiornati_al_25-09-15.pdf in pdf_files
2023-05-19 12:58:03,883 Scaricato PIAO_Delibera.pdf in pdf_files/Approvazione
2023-05-19 12:58:05,119 Scaricato PIAO_allegato.pdf in pdf_files/Approvazione
2023-05-19 12:58:06,524 Scaricato PIAO_aggiornamento.pdf in pdf_files/Prima modifica
2023-05-19 12:58:07,762 Scaricato PIAO_aggiornato.pdf in pdf_files/Prima modifica
2023-05-19 12:58:09,221 Scaricato DUP_Roveredo_in_Piano_2019-2021.pdf in pdf_files/Documento Unico di Programmazione D.U.P. - Aggiornamento dati pubblicati del 26.06.2019
2023-05-19 12:58:10,392 Scaricato Nuovo_Regolamento_di_Contabilita.pdf in pdf_files/Regolamento di Contabilità - aggiornamento pubblicazione del 26.06.2019
2023-05-19 12:58:11,770 Scaricato delibera_accesso_agli_atti.pdf in pdf_files/REGOLAMENTO DELL'ACCESSO CIVICO E DELL'ACCESSO AGLI ATTI
2023-05-19 12:58:12,967 Scaricato gc_113_AmmTr.pdf in pdf_files/Nomina Funzionario Anti ritardo
2023-05-19 12:58:14,167 Scaricato CODICE_DI_COMPORTAMENTO_DEI_DIPENDENTI.pdf in pdf_files/Codice di comportamento Roveredo in Piano - febbraio 2014
2023-05-19 12:58:15,366 Scaricato gc_17_Codice_Comportamento.pdf in pdf_files/Codice di comportamento Roveredo in Piano - febbraio 2014
2023-05-19 12:58:16,702 Scaricato e7.pdf in pdf_files/Codice disciplinare dei dipendenti non dirigenti - Art. 13 e segg. CCRL 26_11_2004
2023-05-19 12:58:17,961 Scaricato Atto_di_gestione_dal_01-02-2015__defin_.pdf in pdf_files/Disciplina degli istituti che regolano presenze_assenze e orario di lavoro del personale dipendente
2023-05-19 12:58:19,194 Scaricato Moduli_aggiornati_al_25-09-15.pdf in pdf_files/Disciplina degli istituti che regolano presenze_assenze e orario di lavoro del personale dipendente
